[28-May-2021 15:27:12 UTC] PHP Fatal error:  Uncaught ErrorException: include(/home/a18p1ucxu8bf/public_html/TI/TI/TI/loadus/LoadusSourceCode/loadus_laravel/loadus/vendor/composer/../../app/Exceptions/Handler.php): failed to open stream: No such file or directory in /home/a18p1ucxu8bf/public_html/TI/TI/TI/loadus/LoadusSourceCode/loadus_laravel/loadus/vendor/composer/ClassLoader.php:444
Stack trace:
#0 /home/a18p1ucxu8bf/public_html/TI/TI/TI/loadus/LoadusSourceCode/loadus_laravel/loadus/vendor/composer/ClassLoader.php(444): Illuminate\Foundation\Bootstrap\HandleExceptions->handleError(2, 'include(/home/a...', '/home/a18p1ucxu...', 444, Array)
#1 /home/a18p1ucxu8bf/public_html/TI/TI/TI/loadus/LoadusSourceCode/loadus_laravel/loadus/vendor/composer/ClassLoader.php(444): include()
#2 /home/a18p1ucxu8bf/public_html/TI/TI/TI/loadus/LoadusSourceCode/loadus_laravel/loadus/vendor/composer/ClassLoader.php(322): Composer\Autoload\includeFile('/home/a18p1ucxu...')
#3 [internal function]: Composer\Autoload\ClassLoader->loadClass('App\\Exceptions\\...')
#4 [internal f in /home/a18p1ucxu8bf/public_html/TI/TI/TI/loadus/LoadusSourceCode/loadus_laravel/loadus/vendor/composer/ClassLoader.php on line 444
[28-May-2021 15:27:12 UTC] PHP Fatal error:  Uncaught ErrorException: include(/home/a18p1ucxu8bf/public_html/TI/TI/TI/loadus/LoadusSourceCode/loadus_laravel/loadus/vendor/composer/../../app/Exceptions/Handler.php): failed to open stream: No such file or directory in /home/a18p1ucxu8bf/public_html/TI/TI/TI/loadus/LoadusSourceCode/loadus_laravel/loadus/vendor/composer/ClassLoader.php:444
Stack trace:
#0 /home/a18p1ucxu8bf/public_html/TI/TI/TI/loadus/LoadusSourceCode/loadus_laravel/loadus/vendor/composer/ClassLoader.php(444): Illuminate\Foundation\Bootstrap\HandleExceptions->handleError(2, 'include(/home/a...', '/home/a18p1ucxu...', 444, Array)
#1 /home/a18p1ucxu8bf/public_html/TI/TI/TI/loadus/LoadusSourceCode/loadus_laravel/loadus/vendor/composer/ClassLoader.php(444): include()
#2 /home/a18p1ucxu8bf/public_html/TI/TI/TI/loadus/LoadusSourceCode/loadus_laravel/loadus/vendor/composer/ClassLoader.php(322): Composer\Autoload\includeFile('/home/a18p1ucxu...')
#3 [internal function]: Composer\Autoload\ClassLoader->loadClass('App\\Exceptions\\...')
#4 [internal f in /home/a18p1ucxu8bf/public_html/TI/TI/TI/loadus/LoadusSourceCode/loadus_laravel/loadus/vendor/composer/ClassLoader.php on line 444
[28-May-2021 15:27:12 UTC] PHP Fatal error:  Uncaught ErrorException: include(/home/a18p1ucxu8bf/public_html/TI/TI/TI/loadus/LoadusSourceCode/loadus_laravel/loadus/vendor/composer/../../app/Exceptions/Handler.php): failed to open stream: No such file or directory in /home/a18p1ucxu8bf/public_html/TI/TI/TI/loadus/LoadusSourceCode/loadus_laravel/loadus/vendor/composer/ClassLoader.php:444
Stack trace:
#0 /home/a18p1ucxu8bf/public_html/TI/TI/TI/loadus/LoadusSourceCode/loadus_laravel/loadus/vendor/composer/ClassLoader.php(444): Illuminate\Foundation\Bootstrap\HandleExceptions->handleError(2, 'include(/home/a...', '/home/a18p1ucxu...', 444, Array)
#1 /home/a18p1ucxu8bf/public_html/TI/TI/TI/loadus/LoadusSourceCode/loadus_laravel/loadus/vendor/composer/ClassLoader.php(444): include()
#2 /home/a18p1ucxu8bf/public_html/TI/TI/TI/loadus/LoadusSourceCode/loadus_laravel/loadus/vendor/composer/ClassLoader.php(322): Composer\Autoload\includeFile('/home/a18p1ucxu...')
#3 [internal function]: Composer\Autoload\ClassLoader->loadClass('App\\Exceptions\\...')
#4 [internal f in /home/a18p1ucxu8bf/public_html/TI/TI/TI/loadus/LoadusSourceCode/loadus_laravel/loadus/vendor/composer/ClassLoader.php on line 444
[28-May-2021 15:27:12 UTC] PHP Fatal error:  Uncaught ErrorException: include(/home/a18p1ucxu8bf/public_html/TI/TI/TI/loadus/LoadusSourceCode/loadus_laravel/loadus/vendor/composer/../../app/Exceptions/Handler.php): failed to open stream: No such file or directory in /home/a18p1ucxu8bf/public_html/TI/TI/TI/loadus/LoadusSourceCode/loadus_laravel/loadus/vendor/composer/ClassLoader.php:444
Stack trace:
#0 /home/a18p1ucxu8bf/public_html/TI/TI/TI/loadus/LoadusSourceCode/loadus_laravel/loadus/vendor/composer/ClassLoader.php(444): Illuminate\Foundation\Bootstrap\HandleExceptions->handleError(2, 'include(/home/a...', '/home/a18p1ucxu...', 444, Array)
#1 /home/a18p1ucxu8bf/public_html/TI/TI/TI/loadus/LoadusSourceCode/loadus_laravel/loadus/vendor/composer/ClassLoader.php(444): include()
#2 /home/a18p1ucxu8bf/public_html/TI/TI/TI/loadus/LoadusSourceCode/loadus_laravel/loadus/vendor/composer/ClassLoader.php(322): Composer\Autoload\includeFile('/home/a18p1ucxu...')
#3 [internal function]: Composer\Autoload\ClassLoader->loadClass('App\\Exceptions\\...')
#4 [internal f in /home/a18p1ucxu8bf/public_html/TI/TI/TI/loadus/LoadusSourceCode/loadus_laravel/loadus/vendor/composer/ClassLoader.php on line 444
[28-May-2021 15:27:12 UTC] PHP Fatal error:  Uncaught ErrorException: include(/home/a18p1ucxu8bf/public_html/TI/TI/TI/loadus/LoadusSourceCode/loadus_laravel/loadus/vendor/composer/../../app/Exceptions/Handler.php): failed to open stream: No such file or directory in /home/a18p1ucxu8bf/public_html/TI/TI/TI/loadus/LoadusSourceCode/loadus_laravel/loadus/vendor/composer/ClassLoader.php:444
Stack trace:
#0 /home/a18p1ucxu8bf/public_html/TI/TI/TI/loadus/LoadusSourceCode/loadus_laravel/loadus/vendor/composer/ClassLoader.php(444): Illuminate\Foundation\Bootstrap\HandleExceptions->handleError(2, 'include(/home/a...', '/home/a18p1ucxu...', 444, Array)
#1 /home/a18p1ucxu8bf/public_html/TI/TI/TI/loadus/LoadusSourceCode/loadus_laravel/loadus/vendor/composer/ClassLoader.php(444): include()
#2 /home/a18p1ucxu8bf/public_html/TI/TI/TI/loadus/LoadusSourceCode/loadus_laravel/loadus/vendor/composer/ClassLoader.php(322): Composer\Autoload\includeFile('/home/a18p1ucxu...')
#3 [internal function]: Composer\Autoload\ClassLoader->loadClass('App\\Exceptions\\...')
#4 [internal f in /home/a18p1ucxu8bf/public_html/TI/TI/TI/loadus/LoadusSourceCode/loadus_laravel/loadus/vendor/composer/ClassLoader.php on line 444
